2024-06-24 18:08:06,499 p=3444395 u=upszot n=ansible | [WARNING]: A duplicate localhost-like entry was found (localhost). First found localhost was 127.0.0.1

2024-06-24 18:08:06,598 p=3444395 u=upszot n=ansible | PLAY [all] **********************************************************************************************************************************************************************************************************************************
2024-06-24 18:08:06,609 p=3444395 u=upszot n=ansible | TASK [Gathering Facts] **********************************************************************************************************************************************************************************************************************
2024-06-24 18:08:07,746 p=3444395 u=upszot n=ansible | ok: [localhost]
2024-06-24 18:08:07,775 p=3444395 u=upszot n=ansible | TASK [include_role : 2do_parcial] ***********************************************************************************************************************************************************************************************************
2024-06-24 18:08:07,805 p=3444395 u=upszot n=ansible | TASK [2do_parcial : debug] ******************************************************************************************************************************************************************************************************************
2024-06-24 18:08:07,817 p=3444395 u=upszot n=ansible | ok: [localhost] => {
    "msg": "Tareas del 2do Parcial"
}
2024-06-24 18:08:07,836 p=3444395 u=upszot n=ansible | TASK [Otra tarea] ***************************************************************************************************************************************************************************************************************************
2024-06-24 18:08:07,851 p=3444395 u=upszot n=ansible | ok: [localhost] => {
    "msg": "Despues de la ejecucion del rol"
}
2024-06-24 18:08:07,885 p=3444395 u=upszot n=ansible | PLAY RECAP **********************************************************************************************************************************************************************************************************************************
2024-06-24 18:08:07,885 p=3444395 u=upszot n=ansible | localhost                  : ok=3    changed=0    unreachable=0    failed=0    skipped=0    rescued=0    ignored=0   
2026-06-25 03:36:27,089 p=2767 u=root n=ansible | [WARNING]: A duplicate localhost-like entry was found (localhost). First found localhost was 127.0.0.1

2026-06-25 03:36:27,517 p=2767 u=root n=ansible | PLAY [all] *****************************************************************************************************************************************************************
2026-06-25 03:36:27,543 p=2767 u=root n=ansible | TASK [Gathering Facts] *****************************************************************************************************************************************************
2026-06-25 03:36:27,718 p=2767 u=root n=ansible | fatal: [127.0.0.1]: UNREACHABLE! => {"changed": false, "msg": "Failed to connect to the host via ssh: Warning: Permanently added '127.0.0.1' (ED25519) to the list of known hosts.\r\nroot@127.0.0.1: Permission denied (publickey,password).", "unreachable": true}
2026-06-25 03:36:29,572 p=2767 u=root n=ansible | [WARNING]: Platform linux on host localhost is using the discovered Python interpreter at /usr/bin/python3.10, but future installation of another Python interpreter could
change the meaning of that path. See https://docs.ansible.com/ansible-core/2.17/reference_appendices/interpreter_discovery.html for more information.

2026-06-25 03:36:29,572 p=2767 u=root n=ansible | ok: [localhost]
2026-06-25 03:36:29,586 p=2767 u=root n=ansible | TASK [include_role : 2do_parcial] ******************************************************************************************************************************************
2026-06-25 03:36:29,644 p=2767 u=root n=ansible | included: 2do_parcial for localhost
2026-06-25 03:36:29,655 p=2767 u=root n=ansible | TASK [2do_parcial : debug] *************************************************************************************************************************************************
2026-06-25 03:36:29,677 p=2767 u=root n=ansible | ok: [localhost] => {
    "msg": "Tareas del 2do Parcial"
}
2026-06-25 03:36:29,689 p=2767 u=root n=ansible | TASK [2do_parcial : Crear directorios en /tmp/2do_parcial/] ****************************************************************************************************************
2026-06-25 03:36:30,132 p=2767 u=root n=ansible | changed: [localhost] => (item=alumno)
2026-06-25 03:36:30,382 p=2767 u=root n=ansible | changed: [localhost] => (item=equipo)
2026-06-25 03:36:30,401 p=2767 u=root n=ansible | TASK [2do_parcial : Generar archivo datos_alumno.txt] **********************************************************************************************************************
2026-06-25 03:36:31,151 p=2767 u=root n=ansible | changed: [localhost]
2026-06-25 03:36:31,164 p=2767 u=root n=ansible | TASK [2do_parcial : Generar archivo datos_equipo.txt] **********************************************************************************************************************
2026-06-25 03:36:31,649 p=2767 u=root n=ansible | changed: [localhost]
2026-06-25 03:36:31,661 p=2767 u=root n=ansible | TASK [2do_parcial : Configurar sudoers para grupo 2PSupervisores] **********************************************************************************************************
2026-06-25 03:36:32,109 p=2767 u=root n=ansible | changed: [localhost]
2026-06-25 03:36:32,128 p=2767 u=root n=ansible | TASK [Otra tarea] **********************************************************************************************************************************************************
2026-06-25 03:36:32,146 p=2767 u=root n=ansible | ok: [localhost] => {
    "msg": "Despues de la ejecucion del rol"
}
2026-06-25 03:36:32,148 p=2767 u=root n=ansible | PLAY RECAP *****************************************************************************************************************************************************************
2026-06-25 03:36:32,149 p=2767 u=root n=ansible | 127.0.0.1                  : ok=0    changed=0    unreachable=1    failed=0    skipped=0    rescued=0    ignored=0   
2026-06-25 03:36:32,149 p=2767 u=root n=ansible | localhost                  : ok=8    changed=4    unreachable=0    failed=0    skipped=0    rescued=0    ignored=0   
